<?xml version="1.0" encoding="UTF-8"?>
<testsuite name="AsyncSumCalculatorImplTest" tests="1" skipped="0" failures="0" errors="0" timestamp="2020-02-22T13:33:35" hostname="DESKTOP-62VK9CE" time="0.008">
  <properties/>
  <testcase name="calculate" classname="AsyncSumCalculatorImplTest" time="0.008"/>
  <system-out><![CDATA[right: 5
left: 0
right: 6
left: 1
right: 7
left: 2
right: 8
left: 3
left: 4
right: 9
]]></system-out>
  <system-err><![CDATA[]]></system-err>
</testsuite>
